-------------------------------------------------------------------------------
Test set: com.oracle.truffle.secureL.test.ExecuteTypeNodesTest
-------------------------------------------------------------------------------
Tests run: 2, Failures: 0, Errors: 2, Skipped: 0, Time elapsed: 0.103 sec <<< FAILURE!
return_secureL_int(com.oracle.truffle.secureL.test.ExecuteTypeNodesTest)  Time elapsed: 0.067 sec  <<< ERROR!
java.lang.AbstractMethodError: Receiver class org.graalvm.compiler.truffle.runtime.GraalRuntimeSupport does not define or inherit an implementation of the resolved method 'abstract com.oracle.truffle.api.Assumption createAlwaysValidAssumption()' of abstract class com.oracle.truffle.api.impl.Accessor$RuntimeSupport.
	at org.graalvm.truffle/com.oracle.truffle.api.Assumption.createAlwaysValid(Assumption.java:90)
	at org.graalvm.truffle/com.oracle.truffle.api.Assumption.<clinit>(Assumption.java:74)
	at jdk.internal.vm.compiler/org.graalvm.compiler.truffle.runtime.GraalTruffleRuntime.createAssumption(GraalTruffleRuntime.java:533)
	at org.graalvm.truffle/com.oracle.truffle.api.frame.FrameDescriptor.newVersion(FrameDescriptor.java:563)
	at org.graalvm.truffle/com.oracle.truffle.api.frame.FrameDescriptor.<init>(FrameDescriptor.java:140)
	at org.graalvm.truffle/com.oracle.truffle.api.frame.FrameDescriptor.<init>(FrameDescriptor.java:123)
	at org.graalvm.truffle/com.oracle.truffle.api.nodes.RootNode.<init>(RootNode.java:165)
	at org.graalvm.truffle/com.oracle.truffle.api.nodes.RootNode.<init>(RootNode.java:148)
	at com.oracle.truffle.secureL.nodes.SecureLRootNode.<init>(SecureLRootNode.java:37)
	at com.oracle.truffle.secureL.test.ExecuteTypeNodesTest.return_secureL_int(ExecuteTypeNodesTest.java:45)
	at java.base/jdk.internal.reflect.NativeMethodAccessorImpl.invoke0(Native Method)
	at java.base/jdk.internal.reflect.NativeMethodAccessorImpl.invoke(NativeMethodAccessorImpl.java:62)
	at java.base/jdk.internal.reflect.DelegatingMethodAccessorImpl.invoke(DelegatingMethodAccessorImpl.java:43)
	at java.base/java.lang.reflect.Method.invoke(Method.java:566)
	at org.junit.runners.model.FrameworkMethod$1.runReflectiveCall(FrameworkMethod.java:47)
	at org.junit.internal.runners.model.ReflectiveCallable.run(ReflectiveCallable.java:12)
	at org.junit.runners.model.FrameworkMethod.invokeExplosively(FrameworkMethod.java:44)
	at org.junit.internal.runners.statements.InvokeMethod.evaluate(InvokeMethod.java:17)
	at org.junit.runners.ParentRunner.runLeaf(ParentRunner.java:271)
	at org.junit.runners.BlockJUnit4ClassRunner.runChild(BlockJUnit4ClassRunner.java:70)
	at org.junit.runners.BlockJUnit4ClassRunner.runChild(BlockJUnit4ClassRunner.java:50)
	at org.junit.runners.ParentRunner$3.run(ParentRunner.java:238)
	at org.junit.runners.ParentRunner$1.schedule(ParentRunner.java:63)
	at org.junit.runners.ParentRunner.runChildren(ParentRunner.java:236)
	at org.junit.runners.ParentRunner.access$000(ParentRunner.java:53)
	at org.junit.runners.ParentRunner$2.evaluate(ParentRunner.java:229)
	at org.junit.runners.ParentRunner.run(ParentRunner.java:309)
	at org.apache.maven.surefire.junit4.JUnit4TestSet.execute(JUnit4TestSet.java:53)
	at org.apache.maven.surefire.junit4.JUnit4Provider.executeTestSet(JUnit4Provider.java:123)
	at org.apache.maven.surefire.junit4.JUnit4Provider.invoke(JUnit4Provider.java:104)
	at java.base/jdk.internal.reflect.NativeMethodAccessorImpl.invoke0(Native Method)
	at java.base/jdk.internal.reflect.NativeMethodAccessorImpl.invoke(NativeMethodAccessorImpl.java:62)
	at java.base/jdk.internal.reflect.DelegatingMethodAccessorImpl.invoke(DelegatingMethodAccessorImpl.java:43)
	at java.base/java.lang.reflect.Method.invoke(Method.java:566)
	at org.apache.maven.surefire.util.ReflectionUtils.invokeMethodWithArray(ReflectionUtils.java:164)
	at org.apache.maven.surefire.booter.ProviderFactory$ProviderProxy.invoke(ProviderFactory.java:110)
	at org.apache.maven.surefire.booter.SurefireStarter.invokeProvider(SurefireStarter.java:172)
	at org.apache.maven.surefire.booter.SurefireStarter.runSuitesInProcessWhenForked(SurefireStarter.java:104)
	at org.apache.maven.surefire.booter.ForkedBooter.main(ForkedBooter.java:70)
run_secureL_code(com.oracle.truffle.secureL.test.ExecuteTypeNodesTest)  Time elapsed: 0.004 sec  <<< ERROR!
java.util.ServiceConfigurationError: org.graalvm.polyglot.impl.AbstractPolyglotImpl: Unable to get public provider() method
	at java.base/java.util.ServiceLoader.fail(ServiceLoader.java:582)
	at java.base/java.util.ServiceLoader.findStaticProviderMethod(ServiceLoader.java:618)
	at java.base/java.util.ServiceLoader.loadProvider(ServiceLoader.java:878)
	at java.base/java.util.ServiceLoader$ModuleServicesLookupIterator.hasNext(ServiceLoader.java:1077)
	at java.base/java.util.ServiceLoader$2.hasNext(ServiceLoader.java:1300)
	at java.base/java.util.ServiceLoader$3.hasNext(ServiceLoader.java:1385)
	at org.graalvm.sdk/org.graalvm.polyglot.Engine$1.loadAndValidateProviders(Engine.java:905)
	at org.graalvm.sdk/org.graalvm.polyglot.Engine$1.run(Engine.java:891)
	at org.graalvm.sdk/org.graalvm.polyglot.Engine$1.run(Engine.java:865)
	at java.base/java.security.AccessController.doPrivileged(Native Method)
	at org.graalvm.sdk/org.graalvm.polyglot.Engine.initEngineImpl(Engine.java:865)
	at org.graalvm.sdk/org.graalvm.polyglot.Engine.access$000(Engine.java:110)
	at org.graalvm.sdk/org.graalvm.polyglot.Engine$ImplHolder.<clinit>(Engine.java:136)
	at org.graalvm.sdk/org.graalvm.polyglot.Engine.getImpl(Engine.java:360)
	at org.graalvm.sdk/org.graalvm.polyglot.Engine$Builder.build(Engine.java:616)
	at org.graalvm.sdk/org.graalvm.polyglot.Context$Builder.build(Context.java:2278)
	at org.graalvm.sdk/org.graalvm.polyglot.Context.create(Context.java:1247)
	at com.oracle.truffle.secureL.test.ExecuteTypeNodesTest.run_secureL_code(ExecuteTypeNodesTest.java:54)
	at java.base/jdk.internal.reflect.NativeMethodAccessorImpl.invoke0(Native Method)
	at java.base/jdk.internal.reflect.NativeMethodAccessorImpl.invoke(NativeMethodAccessorImpl.java:62)
	at java.base/jdk.internal.reflect.DelegatingMethodAccessorImpl.invoke(DelegatingMethodAccessorImpl.java:43)
	at java.base/java.lang.reflect.Method.invoke(Method.java:566)
	at org.junit.runners.model.FrameworkMethod$1.runReflectiveCall(FrameworkMethod.java:47)
	at org.junit.internal.runners.model.ReflectiveCallable.run(ReflectiveCallable.java:12)
	at org.junit.runners.model.FrameworkMethod.invokeExplosively(FrameworkMethod.java:44)
	at org.junit.internal.runners.statements.InvokeMethod.evaluate(InvokeMethod.java:17)
	at org.junit.runners.ParentRunner.runLeaf(ParentRunner.java:271)
	at org.junit.runners.BlockJUnit4ClassRunner.runChild(BlockJUnit4ClassRunner.java:70)
	at org.junit.runners.BlockJUnit4ClassRunner.runChild(BlockJUnit4ClassRunner.java:50)
	at org.junit.runners.ParentRunner$3.run(ParentRunner.java:238)
	at org.junit.runners.ParentRunner$1.schedule(ParentRunner.java:63)
	at org.junit.runners.ParentRunner.runChildren(ParentRunner.java:236)
	at org.junit.runners.ParentRunner.access$000(ParentRunner.java:53)
	at org.junit.runners.ParentRunner$2.evaluate(ParentRunner.java:229)
	at org.junit.runners.ParentRunner.run(ParentRunner.java:309)
	at org.apache.maven.surefire.junit4.JUnit4TestSet.execute(JUnit4TestSet.java:53)
	at org.apache.maven.surefire.junit4.JUnit4Provider.executeTestSet(JUnit4Provider.java:123)
	at org.apache.maven.surefire.junit4.JUnit4Provider.invoke(JUnit4Provider.java:104)
	at java.base/jdk.internal.reflect.NativeMethodAccessorImpl.invoke0(Native Method)
	at java.base/jdk.internal.reflect.NativeMethodAccessorImpl.invoke(NativeMethodAccessorImpl.java:62)
	at java.base/jdk.internal.reflect.DelegatingMethodAccessorImpl.invoke(DelegatingMethodAccessorImpl.java:43)
	at java.base/java.lang.reflect.Method.invoke(Method.java:566)
	at org.apache.maven.surefire.util.ReflectionUtils.invokeMethodWithArray(ReflectionUtils.java:164)
	at org.apache.maven.surefire.booter.ProviderFactory$ProviderProxy.invoke(ProviderFactory.java:110)
	at org.apache.maven.surefire.booter.SurefireStarter.invokeProvider(SurefireStarter.java:172)
	at org.apache.maven.surefire.booter.SurefireStarter.runSuitesInProcessWhenForked(SurefireStarter.java:104)
	at org.apache.maven.surefire.booter.ForkedBooter.main(ForkedBooter.java:70)
Caused by: java.lang.NoClassDefFoundError: org/graalvm/polyglot/impl/AbstractPolyglotImpl$AbstractExecutionListenerDispatch
	at java.base/java.lang.Class.getDeclaredMethods0(Native Method)
	at java.base/java.lang.Class.privateGetDeclaredMethods(Class.java:3166)
	at java.base/java.lang.Class.getDeclaredPublicMethods(Class.java:2491)
	at java.base/java.lang.System$2.getDeclaredPublicMethods(System.java:2085)
	at java.base/java.util.ServiceLoader.findStaticProviderMethod(ServiceLoader.java:616)
	... 45 more
Caused by: java.lang.ClassNotFoundException: org.graalvm.polyglot.impl.AbstractPolyglotImpl$AbstractExecutionListenerDispatch
	at java.base/jdk.internal.loader.BuiltinClassLoader.loadClass(BuiltinClassLoader.java:581)
	at java.base/jdk.internal.loader.ClassLoaders$AppClassLoader.loadClass(ClassLoaders.java:178)
	at java.base/java.lang.ClassLoader.loadClass(ClassLoader.java:522)
	... 50 more
