<?xml version="1.0" encoding="UTF-8" ?>
<testsuite tests="2" failures="0" name="com.oracle.truffle.secureL.test.ExecuteTypeNodesTest" time="0.103" errors="2" skipped="0">
  <properties>
    <property name="java.runtime.name" value="OpenJDK Runtime Environment"/>
    <property name="java.vm.version" value="11.0.13+8-jvmci-22.0-b02"/>
    <property name="sun.boot.library.path" value="/home/ubuntu/truffle-dev/graal/sdk/mxbuild/linux-amd64/GRAALVM_D6856A2436_JAVA11/graalvm-d6856a2436-java11-22.1.0-dev/lib"/>
    <property name="maven.multiModuleProjectDirectory" value="/home/ubuntu/truffle-dev/generic-tools/secureL-mvn"/>
    <property name="java.vm.vendor" value="GraalVM Community"/>
    <property name="java.vendor.url" value="https://www.graalvm.org/"/>
    <property name="guice.disable.misplaced.annotation.check" value="true"/>
    <property name="path.separator" value=":"/>
    <property name="java.vm.name" value="OpenJDK 64-Bit Server VM"/>
    <property name="sun.os.patch.level" value="unknown"/>
    <property name="sun.java.launcher" value="SUN_STANDARD"/>
    <property name="java.vm.specification.name" value="Java Virtual Machine Specification"/>
    <property name="user.dir" value="/home/ubuntu/truffle-dev/generic-tools/secureL-mvn"/>
    <property name="java.vm.compressedOopsMode" value="Zero based"/>
    <property name="java.runtime.version" value="11.0.13+8-jvmci-22.0-b02"/>
    <property name="java.awt.graphicsenv" value="sun.awt.X11GraphicsEnvironment"/>
    <property name="os.arch" value="amd64"/>
    <property name="java.io.tmpdir" value="/tmp"/>
    <property name="line.separator" value="
"/>
    <property name="java.vm.specification.vendor" value="Oracle Corporation"/>
    <property name="jdk.internal.vm.ci.enabled" value="true"/>
    <property name="os.name" value="Linux"/>
    <property name="classworlds.conf" value="/usr/share/maven/bin/m2.conf"/>
    <property name="sun.jnu.encoding" value="UTF-8"/>
    <property name="java.library.path" value="/usr/java/packages/lib:/usr/lib64:/lib64:/lib:/usr/lib"/>
    <property name="maven.conf" value="/usr/share/maven/conf"/>
    <property name="jdk.debug" value="release"/>
    <property name="java.class.version" value="55.0"/>
    <property name="java.specification.name" value="Java Platform API Specification"/>
    <property name="sun.management.compiler" value="HotSpot 64-Bit Tiered Compilers"/>
    <property name="os.version" value="4.15.0-177-generic"/>
    <property name="library.jansi.path" value="/usr/share/maven/lib/jansi-native"/>
    <property name="user.home" value="/home/ubuntu"/>
    <property name="user.timezone" value="Etc/UTC"/>
    <property name="java.awt.printerjob" value="sun.print.PSPrinterJob"/>
    <property name="file.encoding" value="UTF-8"/>
    <property name="java.specification.version" value="11"/>
    <property name="user.name" value="ubuntu"/>
    <property name="java.class.path" value="/usr/share/maven/boot/plexus-classworlds-2.x.jar"/>
    <property name="java.vm.specification.version" value="11"/>
    <property name="sun.arch.data.model" value="64"/>
    <property name="sun.java.command" value="org.codehaus.plexus.classworlds.launcher.Launcher package"/>
    <property name="java.home" value="/home/ubuntu/truffle-dev/graal/sdk/mxbuild/linux-amd64/GRAALVM_D6856A2436_JAVA11/graalvm-d6856a2436-java11-22.1.0-dev"/>
    <property name="user.language" value="en"/>
    <property name="java.specification.vendor" value="Oracle Corporation"/>
    <property name="awt.toolkit" value="sun.awt.X11.XToolkit"/>
    <property name="java.vm.info" value="mixed mode, sharing"/>
    <property name="java.version" value="11.0.13"/>
    <property name="securerandom.source" value="file:/dev/./urandom"/>
    <property name="java.vendor" value="GraalVM Community"/>
    <property name="maven.home" value="/usr/share/maven"/>
    <property name="file.separator" value="/"/>
    <property name="java.version.date" value="2021-10-19"/>
    <property name="java.vendor.url.bug" value="https://github.com/oracle/graal/issues"/>
    <property name="sun.io.unicode.encoding" value="UnicodeLittle"/>
    <property name="sun.cpu.endian" value="little"/>
    <property name="java.vendor.version" value="GraalVM 22.1.0-dev"/>
    <property name="sun.cpu.isalist" value=""/>
  </properties>
  <testcase classname="com.oracle.truffle.secureL.test.ExecuteTypeNodesTest" name="return_secureL_int" time="0.067">
    <error message="Receiver class org.graalvm.compiler.truffle.runtime.GraalRuntimeSupport does not define or inherit an implementation of the resolved method &apos;abstract com.oracle.truffle.api.Assumption createAlwaysValidAssumption()&apos; of abstract class com.oracle.truffle.api.impl.Accessor$RuntimeSupport." type="java.lang.AbstractMethodError">java.lang.AbstractMethodError: Receiver class org.graalvm.compiler.truffle.runtime.GraalRuntimeSupport does not define or inherit an implementation of the resolved method &apos;abstract com.oracle.truffle.api.Assumption createAlwaysValidAssumption()&apos; of abstract class com.oracle.truffle.api.impl.Accessor$RuntimeSupport.
	at org.graalvm.truffle/com.oracle.truffle.api.Assumption.createAlwaysValid(Assumption.java:90)
	at org.graalvm.truffle/com.oracle.truffle.api.Assumption.&lt;clinit&gt;(Assumption.java:74)
	at jdk.internal.vm.compiler/org.graalvm.compiler.truffle.runtime.GraalTruffleRuntime.createAssumption(GraalTruffleRuntime.java:533)
	at org.graalvm.truffle/com.oracle.truffle.api.frame.FrameDescriptor.newVersion(FrameDescriptor.java:563)
	at org.graalvm.truffle/com.oracle.truffle.api.frame.FrameDescriptor.&lt;init&gt;(FrameDescriptor.java:140)
	at org.graalvm.truffle/com.oracle.truffle.api.frame.FrameDescriptor.&lt;init&gt;(FrameDescriptor.java:123)
	at org.graalvm.truffle/com.oracle.truffle.api.nodes.RootNode.&lt;init&gt;(RootNode.java:165)
	at org.graalvm.truffle/com.oracle.truffle.api.nodes.RootNode.&lt;init&gt;(RootNode.java:148)
	at com.oracle.truffle.secureL.nodes.SecureLRootNode.&lt;init&gt;(SecureLRootNode.java:37)
	at com.oracle.truffle.secureL.test.ExecuteTypeNodesTest.return_secureL_int(ExecuteTypeNodesTest.java:45)
	at java.base/jdk.internal.reflect.NativeMethodAccessorImpl.invoke0(Native Method)
	at java.base/jdk.internal.reflect.NativeMethodAccessorImpl.invoke(NativeMethodAccessorImpl.java:62)
	at java.base/jdk.internal.reflect.DelegatingMethodAccessorImpl.invoke(DelegatingMethodAccessorImpl.java:43)
	at java.base/java.lang.reflect.Method.invoke(Method.java:566)
	at org.junit.runners.model.FrameworkMethod$1.runReflectiveCall(FrameworkMethod.java:47)
	at org.junit.internal.runners.model.ReflectiveCallable.run(ReflectiveCallable.java:12)
	at org.junit.runners.model.FrameworkMethod.invokeExplosively(FrameworkMethod.java:44)
	at org.junit.internal.runners.statements.InvokeMethod.evaluate(InvokeMethod.java:17)
	at org.junit.runners.ParentRunner.runLeaf(ParentRunner.java:271)
	at org.junit.runners.BlockJUnit4ClassRunner.runChild(BlockJUnit4ClassRunner.java:70)
	at org.junit.runners.BlockJUnit4ClassRunner.runChild(BlockJUnit4ClassRunner.java:50)
	at org.junit.runners.ParentRunner$3.run(ParentRunner.java:238)
	at org.junit.runners.ParentRunner$1.schedule(ParentRunner.java:63)
	at org.junit.runners.ParentRunner.runChildren(ParentRunner.java:236)
	at org.junit.runners.ParentRunner.access$000(ParentRunner.java:53)
	at org.junit.runners.ParentRunner$2.evaluate(ParentRunner.java:229)
	at org.junit.runners.ParentRunner.run(ParentRunner.java:309)
	at org.apache.maven.surefire.junit4.JUnit4TestSet.execute(JUnit4TestSet.java:53)
	at org.apache.maven.surefire.junit4.JUnit4Provider.executeTestSet(JUnit4Provider.java:123)
	at org.apache.maven.surefire.junit4.JUnit4Provider.invoke(JUnit4Provider.java:104)
	at java.base/jdk.internal.reflect.NativeMethodAccessorImpl.invoke0(Native Method)
	at java.base/jdk.internal.reflect.NativeMethodAccessorImpl.invoke(NativeMethodAccessorImpl.java:62)
	at java.base/jdk.internal.reflect.DelegatingMethodAccessorImpl.invoke(DelegatingMethodAccessorImpl.java:43)
	at java.base/java.lang.reflect.Method.invoke(Method.java:566)
	at org.apache.maven.surefire.util.ReflectionUtils.invokeMethodWithArray(ReflectionUtils.java:164)
	at org.apache.maven.surefire.booter.ProviderFactory$ProviderProxy.invoke(ProviderFactory.java:110)
	at org.apache.maven.surefire.booter.SurefireStarter.invokeProvider(SurefireStarter.java:172)
	at org.apache.maven.surefire.booter.SurefireStarter.runSuitesInProcessWhenForked(SurefireStarter.java:104)
	at org.apache.maven.surefire.booter.ForkedBooter.main(ForkedBooter.java:70)
</error>
  </testcase>
  <testcase classname="com.oracle.truffle.secureL.test.ExecuteTypeNodesTest" name="run_secureL_code" time="0.004">
    <error message="org.graalvm.polyglot.impl.AbstractPolyglotImpl: Unable to get public provider() method" type="java.util.ServiceConfigurationError">java.util.ServiceConfigurationError: org.graalvm.polyglot.impl.AbstractPolyglotImpl: Unable to get public provider() method
	at java.base/java.util.ServiceLoader.fail(ServiceLoader.java:582)
	at java.base/java.util.ServiceLoader.findStaticProviderMethod(ServiceLoader.java:618)
	at java.base/java.util.ServiceLoader.loadProvider(ServiceLoader.java:878)
	at java.base/java.util.ServiceLoader$ModuleServicesLookupIterator.hasNext(ServiceLoader.java:1077)
	at java.base/java.util.ServiceLoader$2.hasNext(ServiceLoader.java:1300)
	at java.base/java.util.ServiceLoader$3.hasNext(ServiceLoader.java:1385)
	at org.graalvm.sdk/org.graalvm.polyglot.Engine$1.loadAndValidateProviders(Engine.java:905)
	at org.graalvm.sdk/org.graalvm.polyglot.Engine$1.run(Engine.java:891)
	at org.graalvm.sdk/org.graalvm.polyglot.Engine$1.run(Engine.java:865)
	at java.base/java.security.AccessController.doPrivileged(Native Method)
	at org.graalvm.sdk/org.graalvm.polyglot.Engine.initEngineImpl(Engine.java:865)
	at org.graalvm.sdk/org.graalvm.polyglot.Engine.access$000(Engine.java:110)
	at org.graalvm.sdk/org.graalvm.polyglot.Engine$ImplHolder.&lt;clinit&gt;(Engine.java:136)
	at org.graalvm.sdk/org.graalvm.polyglot.Engine.getImpl(Engine.java:360)
	at org.graalvm.sdk/org.graalvm.polyglot.Engine$Builder.build(Engine.java:616)
	at org.graalvm.sdk/org.graalvm.polyglot.Context$Builder.build(Context.java:2278)
	at org.graalvm.sdk/org.graalvm.polyglot.Context.create(Context.java:1247)
	at com.oracle.truffle.secureL.test.ExecuteTypeNodesTest.run_secureL_code(ExecuteTypeNodesTest.java:54)
	at java.base/jdk.internal.reflect.NativeMethodAccessorImpl.invoke0(Native Method)
	at java.base/jdk.internal.reflect.NativeMethodAccessorImpl.invoke(NativeMethodAccessorImpl.java:62)
	at java.base/jdk.internal.reflect.DelegatingMethodAccessorImpl.invoke(DelegatingMethodAccessorImpl.java:43)
	at java.base/java.lang.reflect.Method.invoke(Method.java:566)
	at org.junit.runners.model.FrameworkMethod$1.runReflectiveCall(FrameworkMethod.java:47)
	at org.junit.internal.runners.model.ReflectiveCallable.run(ReflectiveCallable.java:12)
	at org.junit.runners.model.FrameworkMethod.invokeExplosively(FrameworkMethod.java:44)
	at org.junit.internal.runners.statements.InvokeMethod.evaluate(InvokeMethod.java:17)
	at org.junit.runners.ParentRunner.runLeaf(ParentRunner.java:271)
	at org.junit.runners.BlockJUnit4ClassRunner.runChild(BlockJUnit4ClassRunner.java:70)
	at org.junit.runners.BlockJUnit4ClassRunner.runChild(BlockJUnit4ClassRunner.java:50)
	at org.junit.runners.ParentRunner$3.run(ParentRunner.java:238)
	at org.junit.runners.ParentRunner$1.schedule(ParentRunner.java:63)
	at org.junit.runners.ParentRunner.runChildren(ParentRunner.java:236)
	at org.junit.runners.ParentRunner.access$000(ParentRunner.java:53)
	at org.junit.runners.ParentRunner$2.evaluate(ParentRunner.java:229)
	at org.junit.runners.ParentRunner.run(ParentRunner.java:309)
	at org.apache.maven.surefire.junit4.JUnit4TestSet.execute(JUnit4TestSet.java:53)
	at org.apache.maven.surefire.junit4.JUnit4Provider.executeTestSet(JUnit4Provider.java:123)
	at org.apache.maven.surefire.junit4.JUnit4Provider.invoke(JUnit4Provider.java:104)
	at java.base/jdk.internal.reflect.NativeMethodAccessorImpl.invoke0(Native Method)
	at java.base/jdk.internal.reflect.NativeMethodAccessorImpl.invoke(NativeMethodAccessorImpl.java:62)
	at java.base/jdk.internal.reflect.DelegatingMethodAccessorImpl.invoke(DelegatingMethodAccessorImpl.java:43)
	at java.base/java.lang.reflect.Method.invoke(Method.java:566)
	at org.apache.maven.surefire.util.ReflectionUtils.invokeMethodWithArray(ReflectionUtils.java:164)
	at org.apache.maven.surefire.booter.ProviderFactory$ProviderProxy.invoke(ProviderFactory.java:110)
	at org.apache.maven.surefire.booter.SurefireStarter.invokeProvider(SurefireStarter.java:172)
	at org.apache.maven.surefire.booter.SurefireStarter.runSuitesInProcessWhenForked(SurefireStarter.java:104)
	at org.apache.maven.surefire.booter.ForkedBooter.main(ForkedBooter.java:70)
Caused by: java.lang.NoClassDefFoundError: org/graalvm/polyglot/impl/AbstractPolyglotImpl$AbstractExecutionListenerDispatch
	at java.base/java.lang.Class.getDeclaredMethods0(Native Method)
	at java.base/java.lang.Class.privateGetDeclaredMethods(Class.java:3166)
	at java.base/java.lang.Class.getDeclaredPublicMethods(Class.java:2491)
	at java.base/java.lang.System$2.getDeclaredPublicMethods(System.java:2085)
	at java.base/java.util.ServiceLoader.findStaticProviderMethod(ServiceLoader.java:616)
	... 45 more
Caused by: java.lang.ClassNotFoundException: org.graalvm.polyglot.impl.AbstractPolyglotImpl$AbstractExecutionListenerDispatch
	at java.base/jdk.internal.loader.BuiltinClassLoader.loadClass(BuiltinClassLoader.java:581)
	at java.base/jdk.internal.loader.ClassLoaders$AppClassLoader.loadClass(ClassLoaders.java:178)
	at java.base/java.lang.ClassLoader.loadClass(ClassLoader.java:522)
	... 50 more
</error>
  </testcase>
</testsuite>